<html>
<head>
<title>TestNG:  Login</title>
<link href="../testng.css" rel="stylesheet" type="text/css" />
<link href="../my-testng.css" rel="stylesheet" type="text/css" />

<style type="text/css">
.log { display: none;} 
.stack-trace { display: none;} 
</style>
<script type="text/javascript">
<!--
function flip(e) {
  current = e.style.display;
  if (current == 'block') {
    e.style.display = 'none';
    return 0;
  }
  else {
    e.style.display = 'block';
    return 1;
  }
}

function toggleBox(szDivId, elem, msg1, msg2)
{
  var res = -1;  if (document.getElementById) {
    res = flip(document.getElementById(szDivId));
  }
  else if (document.all) {
    // this is the way old msie versions work
    res = flip(document.all[szDivId]);
  }
  if(elem) {
    if(res == 0) elem.innerHTML = msg1; else elem.innerHTML = msg2;
  }

}

function toggleAllBoxes() {
  if (document.getElementsByTagName) {
    d = document.getElementsByTagName('div');
    for (i = 0; i < d.length; i++) {
      if (d[i].className == 'log') {
        flip(d[i]);
      }
    }
  }
}

// -->
</script>

</head>
<body>
<h2 align='center'>Login</h2><table border='1' align="center">
<tr>
<td>Tests passed/Failed/Skipped:</td><td>2/0/1</td>
</tr><tr>
<td>Started on:</td><td>Sun Jul 29 18:28:38 CST 2018</td>
</tr>
<tr><td>Total time:</td><td>87 seconds (87817 ms)</td>
</tr><tr>
<td>Included groups:</td><td>生成采购订单 生成采购入库单 </td>
</tr><tr>
<td>Excluded groups:</td><td> 临时 </td>
</tr>
</table><p/>
<small><i>(Hover the method name to see the test class name)</i></small><p/>
<table width='100%' border='1' class='invocation-passed'>
<tr><td colspan='4' align='center'><b>PASSED TESTS</b></td></tr>
<tr><td><b>Test method</b></td>
<td width="30%"><b>Exception</b></td>
<td width="10%"><b>Time (seconds)</b></td>
<td><b>Instance</b></td>
</tr>
<tr>
<td title='com.hebg3.testcases.login.LoginPage_001_LoginSuccessFunction_Test.toPurchaseOrders()'><b>toPurchaseOrders</b><br>Test class: com.hebg3.testcases.login.LoginPage_001_LoginSuccessFunction_Test</td>
<td></td>
<td>22</td>
<td>com.hebg3.testcases.login.LoginPage_001_LoginSuccessFunction_Test@7bba5817</td></tr>
<tr>
<td title='com.hebg3.testcases.login.LoginPage_001_LoginSuccessFunction_Test.toPurchasePlantOrders()'><b>toPurchasePlantOrders</b><br>Test class: com.hebg3.testcases.login.LoginPage_001_LoginSuccessFunction_Test</td>
<td></td>
<td>11</td>
<td>com.hebg3.testcases.login.LoginPage_001_LoginSuccessFunction_Test@7bba5817</td></tr>
</table><p>
<table width='100%' border='1' class='invocation-skipped'>
<tr><td colspan='4' align='center'><b>SKIPPED TESTS</b></td></tr>
<tr><td><b>Test method</b></td>
<td width="30%"><b>Exception</b></td>
<td width="10%"><b>Time (seconds)</b></td>
<td><b>Instance</b></td>
</tr>
<tr>
<td title='com.hebg3.testcases.login.LoginPage_001_LoginSuccessFunction_Test.toPurchasePlantOrders()'><b>toPurchasePlantOrders</b><br>Test class: com.hebg3.testcases.login.LoginPage_001_LoginSuccessFunction_Test<br/>
<a href="#Output-515273883" onClick='toggleBox("Output-515273883", this, "Show output", "Hide output");'>Show output</a>

<a href="#Output-515273883" onClick="toggleAllBoxes();">Show all outputs</a>
<div class='log' id="Output-515273883">
RunCount=2<br/>
result/screenshot/2018_07_29_18_29_31_toPurchasePlantOrders.jpg<br/>
<img src="../../result/screenshot/2018_07_29_18_29_31_toPurchasePlantOrders.jpg"/><br/>
</div>
</td>
<td><div><pre>java.lang.AssertionError: 超时!! 5 秒之后还没找到元素 [By.xpath: //*[@id=&apos;tableDocumentDetail&apos;]/tbody/tr[1]/td[3]/a/div/span[2]]
	at com.hebg3.utils.SeleniumUtil.waitForElementToLoad(SeleniumUtil.java:314)
	at com.hebg3.pageshelper.purchase.Document_PurchasePlantHelper.addProduct(Document_PurchasePlantHelper.java:59)
	at com.hebg3.pageshelper.purchase.Document_PurchasePlantHelper.typeOrderQuickly(Document_PurchasePlantHelper.java:116)
	at com.hebg3.testcases.login.LoginPage_001_LoginSuccessFunction_Test.toPurchasePlantOrders(LoginPage_001_LoginSuccessFunction_Test.java:53)
... Removed 26 stack frames</pre></div><a href='#' onClick='toggleBox("stack-trace515273883", this, "Click to show all stack frames", "Click to hide stack frames")'>Click to show all stack frames</a>
<div class='stack-trace' id='stack-trace515273883'><pre>java.lang.AssertionError: 超时!! 5 秒之后还没找到元素 [By.xpath: //*[@id=&apos;tableDocumentDetail&apos;]/tbody/tr[1]/td[3]/a/div/span[2]]
	at org.testng.Assert.fail(Assert.java:96)
	at com.hebg3.utils.SeleniumUtil.waitForElementToLoad(SeleniumUtil.java:314)
	at com.hebg3.pageshelper.purchase.Document_PurchasePlantHelper.addProduct(Document_PurchasePlantHelper.java:59)
	at com.hebg3.pageshelper.purchase.Document_PurchasePlantHelper.typeOrderQuickly(Document_PurchasePlantHelper.java:116)
	at com.hebg3.testcases.login.LoginPage_001_LoginSuccessFunction_Test.toPurchasePlantOrders(LoginPage_001_LoginSuccessFunction_Test.java:53)
	at sun.reflect.NativeMethodAccessorImpl.invoke0(Native Method)
	at sun.reflect.NativeMethodAccessorImpl.invoke(NativeMethodAccessorImpl.java:62)
	at sun.reflect.DelegatingMethodAccessorImpl.invoke(DelegatingMethodAccessorImpl.java:43)
	at java.lang.reflect.Method.invoke(Method.java:498)
	at org.testng.internal.MethodInvocationHelper.invokeMethod(MethodInvocationHelper.java:124)
	at org.testng.internal.Invoker.invokeMethod(Invoker.java:580)
	at org.testng.internal.Invoker.invokeTestMethod(Invoker.java:716)
	at org.testng.internal.Invoker.invokeTestMethods(Invoker.java:988)
	at org.testng.internal.TestMethodWorker.invokeTestMethods(TestMethodWorker.java:125)
	at org.testng.internal.TestMethodWorker.run(TestMethodWorker.java:109)
	at org.testng.TestRunner.privateRun(TestRunner.java:648)
	at org.testng.TestRunner.run(TestRunner.java:505)
	at org.testng.SuiteRunner.runTest(SuiteRunner.java:455)
	at org.testng.SuiteRunner.runSequentially(SuiteRunner.java:450)
	at org.testng.SuiteRunner.privateRun(SuiteRunner.java:415)
	at org.testng.SuiteRunner.run(SuiteRunner.java:364)
	at org.testng.SuiteRunnerWorker.runSuite(SuiteRunnerWorker.java:52)
	at org.testng.SuiteRunnerWorker.run(SuiteRunnerWorker.java:84)
	at org.testng.TestNG.runSuitesSequentially(TestNG.java:1208)
	at org.testng.TestNG.runSuitesLocally(TestNG.java:1137)
	at org.testng.TestNG.runSuites(TestNG.java:1049)
	at org.testng.TestNG.run(TestNG.java:1017)
	at org.testng.remote.AbstractRemoteTestNG.run(AbstractRemoteTestNG.java:114)
	at org.testng.remote.RemoteTestNG.initAndRun(RemoteTestNG.java:251)
	at org.testng.remote.RemoteTestNG.main(RemoteTestNG.java:77)
</pre></div></td>
<td>6</td>
<td>com.hebg3.testcases.login.LoginPage_001_LoginSuccessFunction_Test@7bba5817</td></tr>
</table><p>
</body>
</html>