<html>
<head>
<title>TestNG:  Login</title>
<link href="../testng.css" rel="stylesheet" type="text/css" />
<link href="../my-testng.css" rel="stylesheet" type="text/css" />

<style type="text/css">
.log { display: none;} 
.stack-trace { display: none;} 
</style>
<script type="text/javascript">
<!--
function flip(e) {
  current = e.style.display;
  if (current == 'block') {
    e.style.display = 'none';
    return 0;
  }
  else {
    e.style.display = 'block';
    return 1;
  }
}

function toggleBox(szDivId, elem, msg1, msg2)
{
  var res = -1;  if (document.getElementById) {
    res = flip(document.getElementById(szDivId));
  }
  else if (document.all) {
    // this is the way old msie versions work
    res = flip(document.all[szDivId]);
  }
  if(elem) {
    if(res == 0) elem.innerHTML = msg1; else elem.innerHTML = msg2;
  }

}

function toggleAllBoxes() {
  if (document.getElementsByTagName) {
    d = document.getElementsByTagName('div');
    for (i = 0; i < d.length; i++) {
      if (d[i].className == 'log') {
        flip(d[i]);
      }
    }
  }
}

// -->
</script>

</head>
<body>
<h2 align='center'>Login</h2><table border='1' align="center">
<tr>
<td>Tests passed/Failed/Skipped:</td><td>0/2/2</td>
</tr><tr>
<td>Started on:</td><td>Fri Aug 10 14:17:54 CST 2018</td>
</tr>
<tr><td>Total time:</td><td>113 seconds (113661 ms)</td>
</tr><tr>
<td>Included groups:</td><td>生成报溢单 生成报损单 </td>
</tr><tr>
<td>Excluded groups:</td><td></td>
</tr>
</table><p/>
<small><i>(Hover the method name to see the test class name)</i></small><p/>
<table width='100%' border='1' class='invocation-failed'>
<tr><td colspan='4' align='center'><b>FAILED TESTS</b></td></tr>
<tr><td><b>Test method</b></td>
<td width="30%"><b>Exception</b></td>
<td width="10%"><b>Time (seconds)</b></td>
<td><b>Instance</b></td>
</tr>
<tr>
<td title='com.hebg3.testcases.login.LoginPage_001_LoginSuccessFunction_Test.toLose()'><b>toLose</b><br>Test class: com.hebg3.testcases.login.LoginPage_001_LoginSuccessFunction_Test<br/>
<a href="#Output-194415222" onClick='toggleBox("Output-194415222", this, "Show output", "Hide output");'>Show output</a>

<a href="#Output-194415222" onClick="toggleAllBoxes();">Show all outputs</a>
<div class='log' id="Output-194415222">
result/screenshot/2018_08_10_14_18_54_toLose.jpg<br/>
<img src="../../result/screenshot/2018_08_10_14_18_54_toLose.jpg"/><br/>
</div>
</td>
<td><div><pre>java.lang.AssertionError: Failed to click element [By.xpath: //*[@id=&apos;loseOverflowTable&apos;]/tbody/tr[1]/td[1]]
	at com.hebg3.utils.SeleniumUtil.click(SeleniumUtil.java:409)
	at com.hebg3.pageshelper.sale.ToLossBillHelper.addProductByText(ToLossBillHelper.java:242)
	at com.hebg3.pageshelper.sale.ToLossBillHelper.typeOrderQuickly(ToLossBillHelper.java:302)
	at com.hebg3.testcases.login.LoginPage_001_LoginSuccessFunction_Test.toLose(LoginPage_001_LoginSuccessFunction_Test.java:124)
Caused by: java.lang.Exception: org.openqa.selenium.WebDriverException: unknown error: Element &lt;td style=&quot;width: 40px; &quot;&gt;...&lt;/td&gt; is not clickable at point (40, 173). Other element would receive the click: &lt;div class=&quot;bootbox modal fade bootbox-alert in&quot; tabindex=&quot;-1&quot; role=&quot;dialog&quot; style=&quot;display: block;&quot;&gt;...&lt;/div&gt;
  (Session info: chrome=67.0.3396.99)
  (Driver info: chromedriver=2.36.540470 (e522d04694c7ebea4ba8821272dbef4f9b818c91),platform=Windows NT 6.1.7601 SP1 x86_64) (WARNING: The server did not provide any stacktrace information)
Command duration or timeout: 0 milliseconds
Build info: version: &apos;3.11.0&apos;, revision: &apos;e59cfb3&apos;, time: &apos;2018-03-11T20:33:08.638Z&apos;
System info: host: &apos;ADMIN-PC&apos;, ip: &apos;192.168.2.65&apos;, os.name: &apos;Windows 7&apos;, os.arch: &apos;amd64&apos;, os.version: &apos;6.1&apos;, java.version: &apos;1.8.0_172&apos;
Driver info: org.openqa.selenium.chrome.ChromeDriver
Capabilities {acceptInsecureCerts: false, acceptSslCerts: false, applicationCacheEnabled: false, browserConnectionEnabled: false, browserName: chrome, chrome: {chromedriverVersion: 2.36.540470 (e522d04694c7eb..., userDataDir: C:\Users\admin\AppData\Loca...}, cssSelectorsEnabled: true, databaseEnabled: false, handlesAlerts: true, hasTouchScreen: false, javascriptEnabled: true, locationContextEnabled: true, mobileEmulationEnabled: false, nativeEvents: true, networkConnectionEnabled: false, pageLoadStrategy: normal, platform: XP, platformName: XP, rotatable: false, setWindowRect: true, takesHeapSnapshot: true, takesScreenshot: true, unexpectedAlertBehaviour: , unhandledPromptBehavior: , version: 67.0.3396.99, webStorageEnabled: true}
Session ID: ce147d572a89848424e43f8279db1e6b
	at com.hebg3.utils.SeleniumUtil.clickTheClickable(SeleniumUtil.java:634)
	at com.hebg3.utils.SeleniumUtil.clickTheClickable(SeleniumUtil.java:638)
	at com.hebg3.utils.SeleniumUtil.clickTheClickable(SeleniumUtil.java:638)
	at com.hebg3.utils.SeleniumUtil.clickTheClickable(SeleniumUtil.java:638)
	at com.hebg3.utils.SeleniumUtil.clickTheClickable(SeleniumUtil.java:638)
	at com.hebg3.utils.SeleniumUtil.click(SeleniumUtil.java:403)
	... 28 more
Caused by: org.openqa.selenium.WebDriverException: unknown error: Element &lt;td style=&quot;width: 40px; &quot;&gt;...&lt;/td&gt; is not clickable at point (40, 173). Other element would receive the click: &lt;div class=&quot;bootbox modal fade bootbox-alert in&quot; tabindex=&quot;-1&quot; role=&quot;dialog&quot; style=&quot;display: block;&quot;&gt;...&lt;/div&gt;
  (Session info: chrome=67.0.3396.99)
  (Driver info: chromedriver=2.36.540470 (e522d04694c7ebea4ba8821272dbef4f9b818c91),platform=Windows NT 6.1.7601 SP1 x86_64) (WARNING: The server did not provide any stacktrace information)
Command duration or timeout: 0 milliseconds
Build info: version: &apos;3.11.0&apos;, revision: &apos;e59cfb3&apos;, time: &apos;2018-03-11T20:33:08.638Z&apos;
System info: host: &apos;ADMIN-PC&apos;, ip: &apos;192.168.2.65&apos;, os.name: &apos;Windows 7&apos;, os.arch: &apos;amd64&apos;, os.version: &apos;6.1&apos;, java.version: &apos;1.8.0_172&apos;
Driver info: org.openqa.selenium.chrome.ChromeDriver
Capabilities {acceptInsecureCerts: false, acceptSslCerts: false, applicationCacheEnabled: false, browserConnectionEnabled: false, browserName: chrome, chrome: {chromedriverVersion: 2.36.540470 (e522d04694c7eb..., userDataDir: C:\Users\admin\AppData\Loca...}, cssSelectorsEnabled: true, databaseEnabled: false, handlesAlerts: true, hasTouchScreen: false, javascriptEnabled: true, locationContextEnabled: true, mobileEmulationEnabled: false, nativeEvents: true, networkConnectionEnabled: false, pageLoadStrategy: normal, platform: XP, platformName: XP, rotatable: false, setWindowRect: true, takesHeapSnapshot: true, takesScreenshot: true, unexpectedAlertBehaviour: , unhandledPromptBehavior: , version: 67.0.3396.99, webStorageEnabled: true}
Session ID: ce147d572a89848424e43f8279db1e6b
	at org.openqa.selenium.remote.ErrorHandler.createThrowable(ErrorHandler.java:214)
	at org.openqa.selenium.remote.ErrorHandler.throwIfResponseFailed(ErrorHandler.java:166)
	at org.openqa.selenium.remote.http.JsonHttpResponseCodec.reconstructValue(JsonHttpResponseCodec.java:40)
	at org.openqa.selenium.remote.http.AbstractHttpResponseCodec.decode(AbstractHttpResponseCodec.java:80)
	at org.openqa.selenium.remote.http.AbstractHttpResponseCodec.decode(AbstractHttpResponseCodec.java:44)
	at org.openqa.selenium.remote.HttpCommandExecutor.execute(HttpCommandExecutor.java:158)
	at org.openqa.selenium.remote.service.DriverCommandExecutor.execute(DriverCommandExecutor.java:83)
	at org.openqa.selenium.remote.RemoteWebDriver.execute(RemoteWebDriver.java:545)
	at org.openqa.selenium.remote.RemoteWebElement.execute(RemoteWebElement.java:279)
	at org.openqa.selenium.remote.RemoteWebElement.click(RemoteWebElement.java:83)
	at com.hebg3.utils.SeleniumUtil.clickTheClickable(SeleniumUtil.java:630)
	... 33 more
... Removed 30 stack frames</pre></div><a href='#' onClick='toggleBox("stack-trace194415222", this, "Click to show all stack frames", "Click to hide stack frames")'>Click to show all stack frames</a>
<div class='stack-trace' id='stack-trace194415222'><pre>java.lang.AssertionError: Failed to click element [By.xpath: //*[@id=&apos;loseOverflowTable&apos;]/tbody/tr[1]/td[1]]
	at org.testng.Assert.fail(Assert.java:85)
	at com.hebg3.utils.SeleniumUtil.click(SeleniumUtil.java:409)
	at com.hebg3.pageshelper.sale.ToLossBillHelper.addProductByText(ToLossBillHelper.java:242)
	at com.hebg3.pageshelper.sale.ToLossBillHelper.typeOrderQuickly(ToLossBillHelper.java:302)
	at com.hebg3.testcases.login.LoginPage_001_LoginSuccessFunction_Test.toLose(LoginPage_001_LoginSuccessFunction_Test.java:124)
	at sun.reflect.NativeMethodAccessorImpl.invoke0(Native Method)
	at sun.reflect.NativeMethodAccessorImpl.invoke(NativeMethodAccessorImpl.java:62)
	at sun.reflect.DelegatingMethodAccessorImpl.invoke(DelegatingMethodAccessorImpl.java:43)
	at java.lang.reflect.Method.invoke(Method.java:498)
	at org.testng.internal.MethodInvocationHelper.invokeMethod(MethodInvocationHelper.java:124)
	at org.testng.internal.Invoker.invokeMethod(Invoker.java:580)
	at org.testng.internal.Invoker.retryFailed(Invoker.java:838)
	at org.testng.internal.Invoker.invokeTestMethods(Invoker.java:1009)
	at org.testng.internal.TestMethodWorker.invokeTestMethods(TestMethodWorker.java:125)
	at org.testng.internal.TestMethodWorker.run(TestMethodWorker.java:109)
	at org.testng.TestRunner.privateRun(TestRunner.java:648)
	at org.testng.TestRunner.run(TestRunner.java:505)
	at org.testng.SuiteRunner.runTest(SuiteRunner.java:455)
	at org.testng.SuiteRunner.runSequentially(SuiteRunner.java:450)
	at org.testng.SuiteRunner.privateRun(SuiteRunner.java:415)
	at org.testng.SuiteRunner.run(SuiteRunner.java:364)
	at org.testng.SuiteRunnerWorker.runSuite(SuiteRunnerWorker.java:52)
	at org.testng.SuiteRunnerWorker.run(SuiteRunnerWorker.java:84)
	at org.testng.TestNG.runSuitesSequentially(TestNG.java:1208)
	at org.testng.TestNG.runSuitesLocally(TestNG.java:1137)
	at org.testng.TestNG.runSuites(TestNG.java:1049)
	at org.testng.TestNG.run(TestNG.java:1017)
	at org.testng.remote.AbstractRemoteTestNG.run(AbstractRemoteTestNG.java:114)
	at org.testng.remote.RemoteTestNG.initAndRun(RemoteTestNG.java:251)
	at org.testng.remote.RemoteTestNG.main(RemoteTestNG.java:77)
Caused by: java.lang.Exception: org.openqa.selenium.WebDriverException: unknown error: Element &lt;td style=&quot;width: 40px; &quot;&gt;...&lt;/td&gt; is not clickable at point (40, 173). Other element would receive the click: &lt;div class=&quot;bootbox modal fade bootbox-alert in&quot; tabindex=&quot;-1&quot; role=&quot;dialog&quot; style=&quot;display: block;&quot;&gt;...&lt;/div&gt;
  (Session info: chrome=67.0.3396.99)
  (Driver info: chromedriver=2.36.540470 (e522d04694c7ebea4ba8821272dbef4f9b818c91),platform=Windows NT 6.1.7601 SP1 x86_64) (WARNING: The server did not provide any stacktrace information)
Command duration or timeout: 0 milliseconds
Build info: version: &apos;3.11.0&apos;, revision: &apos;e59cfb3&apos;, time: &apos;2018-03-11T20:33:08.638Z&apos;
System info: host: &apos;ADMIN-PC&apos;, ip: &apos;192.168.2.65&apos;, os.name: &apos;Windows 7&apos;, os.arch: &apos;amd64&apos;, os.version: &apos;6.1&apos;, java.version: &apos;1.8.0_172&apos;
Driver info: org.openqa.selenium.chrome.ChromeDriver
Capabilities {acceptInsecureCerts: false, acceptSslCerts: false, applicationCacheEnabled: false, browserConnectionEnabled: false, browserName: chrome, chrome: {chromedriverVersion: 2.36.540470 (e522d04694c7eb..., userDataDir: C:\Users\admin\AppData\Loca...}, cssSelectorsEnabled: true, databaseEnabled: false, handlesAlerts: true, hasTouchScreen: false, javascriptEnabled: true, locationContextEnabled: true, mobileEmulationEnabled: false, nativeEvents: true, networkConnectionEnabled: false, pageLoadStrategy: normal, platform: XP, platformName: XP, rotatable: false, setWindowRect: true, takesHeapSnapshot: true, takesScreenshot: true, unexpectedAlertBehaviour: , unhandledPromptBehavior: , version: 67.0.3396.99, webStorageEnabled: true}
Session ID: ce147d572a89848424e43f8279db1e6b
	at com.hebg3.utils.SeleniumUtil.clickTheClickable(SeleniumUtil.java:634)
	at com.hebg3.utils.SeleniumUtil.clickTheClickable(SeleniumUtil.java:638)
	at com.hebg3.utils.SeleniumUtil.clickTheClickable(SeleniumUtil.java:638)
	at com.hebg3.utils.SeleniumUtil.clickTheClickable(SeleniumUtil.java:638)
	at com.hebg3.utils.SeleniumUtil.clickTheClickable(SeleniumUtil.java:638)
	at com.hebg3.utils.SeleniumUtil.click(SeleniumUtil.java:403)
	... 28 more
Caused by: org.openqa.selenium.WebDriverException: unknown error: Element &lt;td style=&quot;width: 40px; &quot;&gt;...&lt;/td&gt; is not clickable at point (40, 173). Other element would receive the click: &lt;div class=&quot;bootbox modal fade bootbox-alert in&quot; tabindex=&quot;-1&quot; role=&quot;dialog&quot; style=&quot;display: block;&quot;&gt;...&lt;/div&gt;
  (Session info: chrome=67.0.3396.99)
  (Driver info: chromedriver=2.36.540470 (e522d04694c7ebea4ba8821272dbef4f9b818c91),platform=Windows NT 6.1.7601 SP1 x86_64) (WARNING: The server did not provide any stacktrace information)
Command duration or timeout: 0 milliseconds
Build info: version: &apos;3.11.0&apos;, revision: &apos;e59cfb3&apos;, time: &apos;2018-03-11T20:33:08.638Z&apos;
System info: host: &apos;ADMIN-PC&apos;, ip: &apos;192.168.2.65&apos;, os.name: &apos;Windows 7&apos;, os.arch: &apos;amd64&apos;, os.version: &apos;6.1&apos;, java.version: &apos;1.8.0_172&apos;
Driver info: org.openqa.selenium.chrome.ChromeDriver
Capabilities {acceptInsecureCerts: false, acceptSslCerts: false, applicationCacheEnabled: false, browserConnectionEnabled: false, browserName: chrome, chrome: {chromedriverVersion: 2.36.540470 (e522d04694c7eb..., userDataDir: C:\Users\admin\AppData\Loca...}, cssSelectorsEnabled: true, databaseEnabled: false, handlesAlerts: true, hasTouchScreen: false, javascriptEnabled: true, locationContextEnabled: true, mobileEmulationEnabled: false, nativeEvents: true, networkConnectionEnabled: false, pageLoadStrategy: normal, platform: XP, platformName: XP, rotatable: false, setWindowRect: true, takesHeapSnapshot: true, takesScreenshot: true, unexpectedAlertBehaviour: , unhandledPromptBehavior: , version: 67.0.3396.99, webStorageEnabled: true}
Session ID: ce147d572a89848424e43f8279db1e6b
	at sun.reflect.NativeConstructorAccessorImpl.newInstance0(Native Method)
	at sun.reflect.NativeConstructorAccessorImpl.newInstance(NativeConstructorAccessorImpl.java:62)
	at sun.reflect.DelegatingConstructorAccessorImpl.newInstance(DelegatingConstructorAccessorImpl.java:45)
	at java.lang.reflect.Constructor.newInstance(Constructor.java:423)
	at org.openqa.selenium.remote.ErrorHandler.createThrowable(ErrorHandler.java:214)
	at org.openqa.selenium.remote.ErrorHandler.throwIfResponseFailed(ErrorHandler.java:166)
	at org.openqa.selenium.remote.http.JsonHttpResponseCodec.reconstructValue(JsonHttpResponseCodec.java:40)
	at org.openqa.selenium.remote.http.AbstractHttpResponseCodec.decode(AbstractHttpResponseCodec.java:80)
	at org.openqa.selenium.remote.http.AbstractHttpResponseCodec.decode(AbstractHttpResponseCodec.java:44)
	at org.openqa.selenium.remote.HttpCommandExecutor.execute(HttpCommandExecutor.java:158)
	at org.openqa.selenium.remote.service.DriverCommandExecutor.execute(DriverCommandExecutor.java:83)
	at org.openqa.selenium.remote.RemoteWebDriver.execute(RemoteWebDriver.java:545)
	at org.openqa.selenium.remote.RemoteWebElement.execute(RemoteWebElement.java:279)
	at org.openqa.selenium.remote.RemoteWebElement.click(RemoteWebElement.java:83)
	at com.hebg3.utils.SeleniumUtil.clickTheClickable(SeleniumUtil.java:630)
	... 33 more
</pre></div></td>
<td>14</td>
<td>com.hebg3.testcases.login.LoginPage_001_LoginSuccessFunction_Test@3e27ba32</td></tr>
<tr>
<td title='com.hebg3.testcases.login.LoginPage_001_LoginSuccessFunction_Test.toOver()'><b>toOver</b><br>Test class: com.hebg3.testcases.login.LoginPage_001_LoginSuccessFunction_Test<br/>
<a href="#Output-307411297" onClick='toggleBox("Output-307411297", this, "Show output", "Hide output");'>Show output</a>

<a href="#Output-307411297" onClick="toggleAllBoxes();">Show all outputs</a>
<div class='log' id="Output-307411297">
result/screenshot/2018_08_10_14_19_46_toOver.jpg<br/>
<img src="../../result/screenshot/2018_08_10_14_19_46_toOver.jpg"/><br/>
</div>
</td>
<td><div><pre>java.lang.AssertionError: 数据对比失败，第一条数据为:-3.00,第二条数据为：-2.00，应为：-4.00，设定差值为：1
	at com.hebg3.utils.pagehelper.PageHelperUtil.compareData(PageHelperUtil.java:90)
	at com.hebg3.testcases.login.LoginPage_001_LoginSuccessFunction_Test.toOver(LoginPage_001_LoginSuccessFunction_Test.java:138)
... Removed 26 stack frames</pre></div><a href='#' onClick='toggleBox("stack-trace307411297", this, "Click to show all stack frames", "Click to hide stack frames")'>Click to show all stack frames</a>
<div class='stack-trace' id='stack-trace307411297'><pre>java.lang.AssertionError: 数据对比失败，第一条数据为:-3.00,第二条数据为：-2.00，应为：-4.00，设定差值为：1
	at org.testng.Assert.fail(Assert.java:96)
	at com.hebg3.utils.pagehelper.PageHelperUtil.compareData(PageHelperUtil.java:90)
	at com.hebg3.testcases.login.LoginPage_001_LoginSuccessFunction_Test.toOver(LoginPage_001_LoginSuccessFunction_Test.java:138)
	at sun.reflect.NativeMethodAccessorImpl.invoke0(Native Method)
	at sun.reflect.NativeMethodAccessorImpl.invoke(NativeMethodAccessorImpl.java:62)
	at sun.reflect.DelegatingMethodAccessorImpl.invoke(DelegatingMethodAccessorImpl.java:43)
	at java.lang.reflect.Method.invoke(Method.java:498)
	at org.testng.internal.MethodInvocationHelper.invokeMethod(MethodInvocationHelper.java:124)
	at org.testng.internal.Invoker.invokeMethod(Invoker.java:580)
	at org.testng.internal.Invoker.retryFailed(Invoker.java:838)
	at org.testng.internal.Invoker.invokeTestMethods(Invoker.java:1009)
	at org.testng.internal.TestMethodWorker.invokeTestMethods(TestMethodWorker.java:125)
	at org.testng.internal.TestMethodWorker.run(TestMethodWorker.java:109)
	at org.testng.TestRunner.privateRun(TestRunner.java:648)
	at org.testng.TestRunner.run(TestRunner.java:505)
	at org.testng.SuiteRunner.runTest(SuiteRunner.java:455)
	at org.testng.SuiteRunner.runSequentially(SuiteRunner.java:450)
	at org.testng.SuiteRunner.privateRun(SuiteRunner.java:415)
	at org.testng.SuiteRunner.run(SuiteRunner.java:364)
	at org.testng.SuiteRunnerWorker.runSuite(SuiteRunnerWorker.java:52)
	at org.testng.SuiteRunnerWorker.run(SuiteRunnerWorker.java:84)
	at org.testng.TestNG.runSuitesSequentially(TestNG.java:1208)
	at org.testng.TestNG.runSuitesLocally(TestNG.java:1137)
	at org.testng.TestNG.runSuites(TestNG.java:1049)
	at org.testng.TestNG.run(TestNG.java:1017)
	at org.testng.remote.AbstractRemoteTestNG.run(AbstractRemoteTestNG.java:114)
	at org.testng.remote.RemoteTestNG.initAndRun(RemoteTestNG.java:251)
	at org.testng.remote.RemoteTestNG.main(RemoteTestNG.java:77)
</pre></div></td>
<td>24</td>
<td>com.hebg3.testcases.login.LoginPage_001_LoginSuccessFunction_Test@3e27ba32</td></tr>
</table><p>
<table width='100%' border='1' class='invocation-skipped'>
<tr><td colspan='4' align='center'><b>SKIPPED TESTS</b></td></tr>
<tr><td><b>Test method</b></td>
<td width="30%"><b>Exception</b></td>
<td width="10%"><b>Time (seconds)</b></td>
<td><b>Instance</b></td>
</tr>
<tr>
<td title='com.hebg3.testcases.login.LoginPage_001_LoginSuccessFunction_Test.toLose()'><b>toLose</b><br>Test class: com.hebg3.testcases.login.LoginPage_001_LoginSuccessFunction_Test<br/>
<a href="#Output-1847431070" onClick='toggleBox("Output-1847431070", this, "Show output", "Hide output");'>Show output</a>

<a href="#Output-1847431070" onClick="toggleAllBoxes();">Show all outputs</a>
<div class='log' id="Output-1847431070">
RunCount=2<br/>
result/screenshot/2018_08_10_14_18_39_toLose.jpg<br/>
<img src="../../result/screenshot/2018_08_10_14_18_39_toLose.jpg"/><br/>
</div>
</td>
<td><div><pre>java.lang.AssertionError: 数据对比失败，第一条数据为:-4.00,第二条数据为：-4.00，应为：-5.00，设定差值为：1
	at com.hebg3.utils.pagehelper.PageHelperUtil.compareData(PageHelperUtil.java:90)
	at com.hebg3.testcases.login.LoginPage_001_LoginSuccessFunction_Test.toLose(LoginPage_001_LoginSuccessFunction_Test.java:127)
... Removed 26 stack frames</pre></div><a href='#' onClick='toggleBox("stack-trace1847431070", this, "Click to show all stack frames", "Click to hide stack frames")'>Click to show all stack frames</a>
<div class='stack-trace' id='stack-trace1847431070'><pre>java.lang.AssertionError: 数据对比失败，第一条数据为:-4.00,第二条数据为：-4.00，应为：-5.00，设定差值为：1
	at org.testng.Assert.fail(Assert.java:96)
	at com.hebg3.utils.pagehelper.PageHelperUtil.compareData(PageHelperUtil.java:90)
	at com.hebg3.testcases.login.LoginPage_001_LoginSuccessFunction_Test.toLose(LoginPage_001_LoginSuccessFunction_Test.java:127)
	at sun.reflect.NativeMethodAccessorImpl.invoke0(Native Method)
	at sun.reflect.NativeMethodAccessorImpl.invoke(NativeMethodAccessorImpl.java:62)
	at sun.reflect.DelegatingMethodAccessorImpl.invoke(DelegatingMethodAccessorImpl.java:43)
	at java.lang.reflect.Method.invoke(Method.java:498)
	at org.testng.internal.MethodInvocationHelper.invokeMethod(MethodInvocationHelper.java:124)
	at org.testng.internal.Invoker.invokeMethod(Invoker.java:580)
	at org.testng.internal.Invoker.invokeTestMethod(Invoker.java:716)
	at org.testng.internal.Invoker.invokeTestMethods(Invoker.java:988)
	at org.testng.internal.TestMethodWorker.invokeTestMethods(TestMethodWorker.java:125)
	at org.testng.internal.TestMethodWorker.run(TestMethodWorker.java:109)
	at org.testng.TestRunner.privateRun(TestRunner.java:648)
	at org.testng.TestRunner.run(TestRunner.java:505)
	at org.testng.SuiteRunner.runTest(SuiteRunner.java:455)
	at org.testng.SuiteRunner.runSequentially(SuiteRunner.java:450)
	at org.testng.SuiteRunner.privateRun(SuiteRunner.java:415)
	at org.testng.SuiteRunner.run(SuiteRunner.java:364)
	at org.testng.SuiteRunnerWorker.runSuite(SuiteRunnerWorker.java:52)
	at org.testng.SuiteRunnerWorker.run(SuiteRunnerWorker.java:84)
	at org.testng.TestNG.runSuitesSequentially(TestNG.java:1208)
	at org.testng.TestNG.runSuitesLocally(TestNG.java:1137)
	at org.testng.TestNG.runSuites(TestNG.java:1049)
	at org.testng.TestNG.run(TestNG.java:1017)
	at org.testng.remote.AbstractRemoteTestNG.run(AbstractRemoteTestNG.java:114)
	at org.testng.remote.RemoteTestNG.initAndRun(RemoteTestNG.java:251)
	at org.testng.remote.RemoteTestNG.main(RemoteTestNG.java:77)
</pre></div></td>
<td>28</td>
<td>com.hebg3.testcases.login.LoginPage_001_LoginSuccessFunction_Test@3e27ba32</td></tr>
<tr>
<td title='com.hebg3.testcases.login.LoginPage_001_LoginSuccessFunction_Test.toOver()'><b>toOver</b><br>Test class: com.hebg3.testcases.login.LoginPage_001_LoginSuccessFunction_Test<br/>
<a href="#Output-2015999862" onClick='toggleBox("Output-2015999862", this, "Show output", "Hide output");'>Show output</a>

<a href="#Output-2015999862" onClick="toggleAllBoxes();">Show all outputs</a>
<div class='log' id="Output-2015999862">
RunCount=2<br/>
result/screenshot/2018_08_10_14_19_21_toOver.jpg<br/>
<img src="../../result/screenshot/2018_08_10_14_19_21_toOver.jpg"/><br/>
</div>
</td>
<td><div><pre>java.lang.AssertionError: 数据对比失败，第一条数据为:-4.00,第二条数据为：-3.00，应为：-5.00，设定差值为：1
	at com.hebg3.utils.pagehelper.PageHelperUtil.compareData(PageHelperUtil.java:90)
	at com.hebg3.testcases.login.LoginPage_001_LoginSuccessFunction_Test.toOver(LoginPage_001_LoginSuccessFunction_Test.java:138)
... Removed 26 stack frames</pre></div><a href='#' onClick='toggleBox("stack-trace2015999862", this, "Click to show all stack frames", "Click to hide stack frames")'>Click to show all stack frames</a>
<div class='stack-trace' id='stack-trace2015999862'><pre>java.lang.AssertionError: 数据对比失败，第一条数据为:-4.00,第二条数据为：-3.00，应为：-5.00，设定差值为：1
	at org.testng.Assert.fail(Assert.java:96)
	at com.hebg3.utils.pagehelper.PageHelperUtil.compareData(PageHelperUtil.java:90)
	at com.hebg3.testcases.login.LoginPage_001_LoginSuccessFunction_Test.toOver(LoginPage_001_LoginSuccessFunction_Test.java:138)
	at sun.reflect.NativeMethodAccessorImpl.invoke0(Native Method)
	at sun.reflect.NativeMethodAccessorImpl.invoke(NativeMethodAccessorImpl.java:62)
	at sun.reflect.DelegatingMethodAccessorImpl.invoke(DelegatingMethodAccessorImpl.java:43)
	at java.lang.reflect.Method.invoke(Method.java:498)
	at org.testng.internal.MethodInvocationHelper.invokeMethod(MethodInvocationHelper.java:124)
	at org.testng.internal.Invoker.invokeMethod(Invoker.java:580)
	at org.testng.internal.Invoker.invokeTestMethod(Invoker.java:716)
	at org.testng.internal.Invoker.invokeTestMethods(Invoker.java:988)
	at org.testng.internal.TestMethodWorker.invokeTestMethods(TestMethodWorker.java:125)
	at org.testng.internal.TestMethodWorker.run(TestMethodWorker.java:109)
	at org.testng.TestRunner.privateRun(TestRunner.java:648)
	at org.testng.TestRunner.run(TestRunner.java:505)
	at org.testng.SuiteRunner.runTest(SuiteRunner.java:455)
	at org.testng.SuiteRunner.runSequentially(SuiteRunner.java:450)
	at org.testng.SuiteRunner.privateRun(SuiteRunner.java:415)
	at org.testng.SuiteRunner.run(SuiteRunner.java:364)
	at org.testng.SuiteRunnerWorker.runSuite(SuiteRunnerWorker.java:52)
	at org.testng.SuiteRunnerWorker.run(SuiteRunnerWorker.java:84)
	at org.testng.TestNG.runSuitesSequentially(TestNG.java:1208)
	at org.testng.TestNG.runSuitesLocally(TestNG.java:1137)
	at org.testng.TestNG.runSuites(TestNG.java:1049)
	at org.testng.TestNG.run(TestNG.java:1017)
	at org.testng.remote.AbstractRemoteTestNG.run(AbstractRemoteTestNG.java:114)
	at org.testng.remote.RemoteTestNG.initAndRun(RemoteTestNG.java:251)
	at org.testng.remote.RemoteTestNG.main(RemoteTestNG.java:77)
</pre></div></td>
<td>25</td>
<td>com.hebg3.testcases.login.LoginPage_001_LoginSuccessFunction_Test@3e27ba32</td></tr>
</table><p>
</body>
</html>