<?xml version="1.0" encoding="UTF-8"?>
<!-- Generated by org.testng.reporters.JUnitXMLReporter -->
<testsuite hostname="admin-PC" ignored="7" name="Login" tests="4" failures="2" timestamp="10 八月 2018 06:19:48 GMT" time="113.661" errors="0">
  <testcase name="toLose" time="28.155" classname="com.hebg3.testcases.login.LoginPage_001_LoginSuccessFunction_Test">
    <skipped/>
  </testcase> <!-- toLose -->
  <testcase name="toLose" time="14.538" classname="com.hebg3.testcases.login.LoginPage_001_LoginSuccessFunction_Test">
    <failure type="java.lang.AssertionError" message="Failed to click element [By.xpath: //*[@id=&amp;apos;loseOverflowTable&amp;apos;]/tbody/tr[1]/td[1]]">
      <![CDATA[java.lang.AssertionError: Failed to click element [By.xpath: //*[@id='loseOverflowTable']/tbody/tr[1]/td[1]]
at com.hebg3.utils.SeleniumUtil.click(SeleniumUtil.java:409)
at com.hebg3.pageshelper.sale.ToLossBillHelper.addProductByText(ToLossBillHelper.java:242)
at com.hebg3.pageshelper.sale.ToLossBillHelper.typeOrderQuickly(ToLossBillHelper.java:302)
at com.hebg3.testcases.login.LoginPage_001_LoginSuccessFunction_Test.toLose(LoginPage_001_LoginSuccessFunction_Test.java:124)
Caused by: java.lang.Exception: org.openqa.selenium.WebDriverException: unknown error: Element <td style="width: 40px; ">...</td> is not clickable at point (40, 173). Other element would receive the click: <div class="bootbox modal fade bootbox-alert in" tabindex="-1" role="dialog" style="display: block;">...</div>
  (Session info: chrome=67.0.3396.99)
  (Driver info: chromedriver=2.36.540470 (e522d04694c7ebea4ba8821272dbef4f9b818c91),platform=Windows NT 6.1.7601 SP1 x86_64) (WARNING: The server did not provide any stacktrace information)
Command duration or timeout: 0 milliseconds
Build info: version: '3.11.0', revision: 'e59cfb3', time: '2018-03-11T20:33:08.638Z'
System info: host: 'ADMIN-PC', ip: '192.168.2.65', os.name: 'Windows 7', os.arch: 'amd64', os.version: '6.1', java.version: '1.8.0_172'
Driver info: org.openqa.selenium.chrome.ChromeDriver
Capabilities {acceptInsecureCerts: false, acceptSslCerts: false, applicationCacheEnabled: false, browserConnectionEnabled: false, browserName: chrome, chrome: {chromedriverVersion: 2.36.540470 (e522d04694c7eb..., userDataDir: C:\Users\admin\AppData\Loca...}, cssSelectorsEnabled: true, databaseEnabled: false, handlesAlerts: true, hasTouchScreen: false, javascriptEnabled: true, locationContextEnabled: true, mobileEmulationEnabled: false, nativeEvents: true, networkConnectionEnabled: false, pageLoadStrategy: normal, platform: XP, platformName: XP, rotatable: false, setWindowRect: true, takesHeapSnapshot: true, takesScreenshot: true, unexpectedAlertBehaviour: , unhandledPromptBehavior: , version: 67.0.3396.99, webStorageEnabled: true}
Session ID: ce147d572a89848424e43f8279db1e6b
at com.hebg3.utils.SeleniumUtil.clickTheClickable(SeleniumUtil.java:634)
at com.hebg3.utils.SeleniumUtil.clickTheClickable(SeleniumUtil.java:638)
at com.hebg3.utils.SeleniumUtil.clickTheClickable(SeleniumUtil.java:638)
at com.hebg3.utils.SeleniumUtil.clickTheClickable(SeleniumUtil.java:638)
at com.hebg3.utils.SeleniumUtil.clickTheClickable(SeleniumUtil.java:638)
at com.hebg3.utils.SeleniumUtil.click(SeleniumUtil.java:403)
... 28 more
Caused by: org.openqa.selenium.WebDriverException: unknown error: Element <td style="width: 40px; ">...</td> is not clickable at point (40, 173). Other element would receive the click: <div class="bootbox modal fade bootbox-alert in" tabindex="-1" role="dialog" style="display: block;">...</div>
  (Session info: chrome=67.0.3396.99)
  (Driver info: chromedriver=2.36.540470 (e522d04694c7ebea4ba8821272dbef4f9b818c91),platform=Windows NT 6.1.7601 SP1 x86_64) (WARNING: The server did not provide any stacktrace information)
Command duration or timeout: 0 milliseconds
Build info: version: '3.11.0', revision: 'e59cfb3', time: '2018-03-11T20:33:08.638Z'
System info: host: 'ADMIN-PC', ip: '192.168.2.65', os.name: 'Windows 7', os.arch: 'amd64', os.version: '6.1', java.version: '1.8.0_172'
Driver info: org.openqa.selenium.chrome.ChromeDriver
Capabilities {acceptInsecureCerts: false, acceptSslCerts: false, applicationCacheEnabled: false, browserConnectionEnabled: false, browserName: chrome, chrome: {chromedriverVersion: 2.36.540470 (e522d04694c7eb..., userDataDir: C:\Users\admin\AppData\Loca...}, cssSelectorsEnabled: true, databaseEnabled: false, handlesAlerts: true, hasTouchScreen: false, javascriptEnabled: true, locationContextEnabled: true, mobileEmulationEnabled: false, nativeEvents: true, networkConnectionEnabled: false, pageLoadStrategy: normal, platform: XP, platformName: XP, rotatable: false, setWindowRect: true, takesHeapSnapshot: true, takesScreenshot: true, unexpectedAlertBehaviour: , unhandledPromptBehavior: , version: 67.0.3396.99, webStorageEnabled: true}
Session ID: ce147d572a89848424e43f8279db1e6b
at org.openqa.selenium.remote.ErrorHandler.createThrowable(ErrorHandler.java:214)
at org.openqa.selenium.remote.ErrorHandler.throwIfResponseFailed(ErrorHandler.java:166)
at org.openqa.selenium.remote.http.JsonHttpResponseCodec.reconstructValue(JsonHttpResponseCodec.java:40)
at org.openqa.selenium.remote.http.AbstractHttpResponseCodec.decode(AbstractHttpResponseCodec.java:80)
at org.openqa.selenium.remote.http.AbstractHttpResponseCodec.decode(AbstractHttpResponseCodec.java:44)
at org.openqa.selenium.remote.HttpCommandExecutor.execute(HttpCommandExecutor.java:158)
at org.openqa.selenium.remote.service.DriverCommandExecutor.execute(DriverCommandExecutor.java:83)
at org.openqa.selenium.remote.RemoteWebDriver.execute(RemoteWebDriver.java:545)
at org.openqa.selenium.remote.RemoteWebElement.execute(RemoteWebElement.java:279)
at org.openqa.selenium.remote.RemoteWebElement.click(RemoteWebElement.java:83)
at com.hebg3.utils.SeleniumUtil.clickTheClickable(SeleniumUtil.java:630)
... 33 more
... Removed 30 stack frames]]>
    </failure>
  </testcase> <!-- toLose -->
  <testcase name="toOver" time="25.672" classname="com.hebg3.testcases.login.LoginPage_001_LoginSuccessFunction_Test">
    <skipped/>
  </testcase> <!-- toOver -->
  <testcase name="toOver" time="24.244" classname="com.hebg3.testcases.login.LoginPage_001_LoginSuccessFunction_Test">
    <failure type="java.lang.AssertionError" message="数据对比失败，第一条数据为:-3.00,第二条数据为：-2.00，应为：-4.00，设定差值为：1">
      <![CDATA[java.lang.AssertionError: 数据对比失败，第一条数据为:-3.00,第二条数据为：-2.00，应为：-4.00，设定差值为：1
at com.hebg3.utils.pagehelper.PageHelperUtil.compareData(PageHelperUtil.java:90)
at com.hebg3.testcases.login.LoginPage_001_LoginSuccessFunction_Test.toOver(LoginPage_001_LoginSuccessFunction_Test.java:138)
... Removed 26 stack frames]]>
    </failure>
  </testcase> <!-- toOver -->
  <testcase name="toSaleOrders" time="0.0" classname="com.hebg3.testcases.login.LoginPage_001_LoginSuccessFunction_Test">
    <ignored/>
  </testcase> <!-- toSaleOrders -->
  <testcase name="toPurchasePlantOrders" time="0.0" classname="com.hebg3.testcases.login.LoginPage_001_LoginSuccessFunction_Test">
    <ignored/>
  </testcase> <!-- toPurchasePlantOrders -->
  <testcase name="toSaleReturn" time="0.0" classname="com.hebg3.testcases.login.LoginPage_001_LoginSuccessFunction_Test">
    <ignored/>
  </testcase> <!-- toSaleReturn -->
  <testcase name="toMoveOrders" time="0.0" classname="com.hebg3.testcases.login.LoginPage_001_LoginSuccessFunction_Test">
    <ignored/>
  </testcase> <!-- toMoveOrders -->
  <testcase name="toPurchaseReturn" time="0.0" classname="com.hebg3.testcases.login.LoginPage_001_LoginSuccessFunction_Test">
    <ignored/>
  </testcase> <!-- toPurchaseReturn -->
  <testcase name="toPurchaseOrders" time="0.0" classname="com.hebg3.testcases.login.LoginPage_001_LoginSuccessFunction_Test">
    <ignored/>
  </testcase> <!-- toPurchaseOrders -->
  <testcase name="plantToPurchaseOrders" time="0.0" classname="com.hebg3.testcases.login.LoginPage_001_LoginSuccessFunction_Test">
    <ignored/>
  </testcase> <!-- plantToPurchaseOrders -->
</testsuite> <!-- Login -->
