<?xml version="1.0" encoding="UTF-8"?>
<testng-results skipped="1" failed="0" ignored="7" total="10" passed="2">
  <reporter-output>
    <line>
      <![CDATA[RunCount=2]]>
    </line>
    <line>
      <![CDATA[result/screenshot/2018_07_29_18_29_31_toPurchasePlantOrders.jpg]]>
    </line>
    <line>
      <![CDATA[<img src="../../result/screenshot/2018_07_29_18_29_31_toPurchasePlantOrders.jpg"/>]]>
    </line>
  </reporter-output>
  <suite name="Suite" duration-ms="87817" started-at="2018-07-29T10:28:38Z" finished-at="2018-07-29T10:30:06Z">
    <groups>
      <group name="觅云测试">
        <method signature="LoginPage_001_LoginSuccessFunction_Test.toPurchaseOrders()[pri:2, instance:com.hebg3.testcases.login.LoginPage_001_LoginSuccessFunction_Test@7bba5817]" name="toPurchaseOrders" class="com.hebg3.testcases.login.LoginPage_001_LoginSuccessFunction_Test"/>
        <method signature="LoginPage_001_LoginSuccessFunction_Test.toPurchasePlantOrders()[pri:0, instance:com.hebg3.testcases.login.LoginPage_001_LoginSuccessFunction_Test@7bba5817]" name="toPurchasePlantOrders" class="com.hebg3.testcases.login.LoginPage_001_LoginSuccessFunction_Test"/>
      </group> <!-- 觅云测试 -->
      <group name="生成采购订单">
        <method signature="LoginPage_001_LoginSuccessFunction_Test.toPurchasePlantOrders()[pri:0, instance:com.hebg3.testcases.login.LoginPage_001_LoginSuccessFunction_Test@7bba5817]" name="toPurchasePlantOrders" class="com.hebg3.testcases.login.LoginPage_001_LoginSuccessFunction_Test"/>
      </group> <!-- 生成采购订单 -->
      <group name="检查库存变化正确">
        <method signature="LoginPage_001_LoginSuccessFunction_Test.toPurchaseOrders()[pri:2, instance:com.hebg3.testcases.login.LoginPage_001_LoginSuccessFunction_Test@7bba5817]" name="toPurchaseOrders" class="com.hebg3.testcases.login.LoginPage_001_LoginSuccessFunction_Test"/>
      </group> <!-- 检查库存变化正确 -->
      <group name="生成采购入库单">
        <method signature="LoginPage_001_LoginSuccessFunction_Test.toPurchaseOrders()[pri:2, instance:com.hebg3.testcases.login.LoginPage_001_LoginSuccessFunction_Test@7bba5817]" name="toPurchaseOrders" class="com.hebg3.testcases.login.LoginPage_001_LoginSuccessFunction_Test"/>
      </group> <!-- 生成采购入库单 -->
    </groups>
    <test name="Login" duration-ms="87817" started-at="2018-07-29T10:28:38Z" finished-at="2018-07-29T10:30:06Z">
      <class name="com.hebg3.testcases.login.LoginPage_001_LoginSuccessFunction_Test">
        <test-method status="PASS" signature="startTest(org.testng.ITestContext)[pri:0, instance:com.hebg3.testcases.login.LoginPage_001_LoginSuccessFunction_Test@7bba5817]" name="startTest" is-config="true" duration-ms="45908" started-at="2018-07-29T10:28:38Z" finished-at="2018-07-29T10:29:24Z">
          <params>
            <param index="0">
              <value>
                <![CDATA[org.testng.TestRunner@5536379e]]>
              </value>
            </param>
          </params>
          <reporter-output>
          </reporter-output>
        </test-method> <!-- startTest -->
        <test-method status="SKIP" signature="toPurchasePlantOrders()[pri:0, instance:com.hebg3.testcases.login.LoginPage_001_LoginSuccessFunction_Test@7bba5817]" name="toPurchasePlantOrders" duration-ms="6278" started-at="2018-07-29T10:29:24Z" finished-at="2018-07-29T10:29:31Z">
          <exception class="java.lang.AssertionError">
            <message>
              <![CDATA[超时!! 5 秒之后还没找到元素 [By.xpath: //*[@id='tableDocumentDetail']/tbody/tr[1]/td[3]/a/div/span[2]]]]>
            </message>
            <full-stacktrace>
              <![CDATA[java.lang.AssertionError: 超时!! 5 秒之后还没找到元素 [By.xpath: //*[@id='tableDocumentDetail']/tbody/tr[1]/td[3]/a/div/span[2]]
at org.testng.Assert.fail(Assert.java:96)
at com.hebg3.utils.SeleniumUtil.waitForElementToLoad(SeleniumUtil.java:314)
at com.hebg3.pageshelper.purchase.Document_PurchasePlantHelper.addProduct(Document_PurchasePlantHelper.java:59)
at com.hebg3.pageshelper.purchase.Document_PurchasePlantHelper.typeOrderQuickly(Document_PurchasePlantHelper.java:116)
at com.hebg3.testcases.login.LoginPage_001_LoginSuccessFunction_Test.toPurchasePlantOrders(LoginPage_001_LoginSuccessFunction_Test.java:53)
at sun.reflect.NativeMethodAccessorImpl.invoke0(Native Method)
at sun.reflect.NativeMethodAccessorImpl.invoke(NativeMethodAccessorImpl.java:62)
at sun.reflect.DelegatingMethodAccessorImpl.invoke(DelegatingMethodAccessorImpl.java:43)
at java.lang.reflect.Method.invoke(Method.java:498)
at org.testng.internal.MethodInvocationHelper.invokeMethod(MethodInvocationHelper.java:124)
at org.testng.internal.Invoker.invokeMethod(Invoker.java:580)
at org.testng.internal.Invoker.invokeTestMethod(Invoker.java:716)
at org.testng.internal.Invoker.invokeTestMethods(Invoker.java:988)
at org.testng.internal.TestMethodWorker.invokeTestMethods(TestMethodWorker.java:125)
at org.testng.internal.TestMethodWorker.run(TestMethodWorker.java:109)
at org.testng.TestRunner.privateRun(TestRunner.java:648)
at org.testng.TestRunner.run(TestRunner.java:505)
at org.testng.SuiteRunner.runTest(SuiteRunner.java:455)
at org.testng.SuiteRunner.runSequentially(SuiteRunner.java:450)
at org.testng.SuiteRunner.privateRun(SuiteRunner.java:415)
at org.testng.SuiteRunner.run(SuiteRunner.java:364)
at org.testng.SuiteRunnerWorker.runSuite(SuiteRunnerWorker.java:52)
at org.testng.SuiteRunnerWorker.run(SuiteRunnerWorker.java:84)
at org.testng.TestNG.runSuitesSequentially(TestNG.java:1208)
at org.testng.TestNG.runSuitesLocally(TestNG.java:1137)
at org.testng.TestNG.runSuites(TestNG.java:1049)
at org.testng.TestNG.run(TestNG.java:1017)
at org.testng.remote.AbstractRemoteTestNG.run(AbstractRemoteTestNG.java:114)
at org.testng.remote.RemoteTestNG.initAndRun(RemoteTestNG.java:251)
at org.testng.remote.RemoteTestNG.main(RemoteTestNG.java:77)
]]>
            </full-stacktrace>
          </exception> <!-- java.lang.AssertionError -->
          <reporter-output>
            <line>
              <![CDATA[RunCount=2]]>
            </line>
            <line>
              <![CDATA[result/screenshot/2018_07_29_18_29_31_toPurchasePlantOrders.jpg]]>
            </line>
            <line>
              <![CDATA[<img src="../../result/screenshot/2018_07_29_18_29_31_toPurchasePlantOrders.jpg"/>]]>
            </line>
          </reporter-output>
        </test-method> <!-- toPurchasePlantOrders -->
        <test-method status="PASS" signature="toPurchasePlantOrders()[pri:0, instance:com.hebg3.testcases.login.LoginPage_001_LoginSuccessFunction_Test@7bba5817]" name="toPurchasePlantOrders" duration-ms="11092" started-at="2018-07-29T10:29:31Z" finished-at="2018-07-29T10:29:42Z">
          <reporter-output>
          </reporter-output>
        </test-method> <!-- toPurchasePlantOrders -->
        <test-method status="PASS" signature="toPurchaseOrders()[pri:2, instance:com.hebg3.testcases.login.LoginPage_001_LoginSuccessFunction_Test@7bba5817]" name="toPurchaseOrders" duration-ms="22903" started-at="2018-07-29T10:29:42Z" finished-at="2018-07-29T10:30:05Z">
          <reporter-output>
          </reporter-output>
        </test-method> <!-- toPurchaseOrders -->
        <test-method status="PASS" signature="endTest()[pri:0, instance:com.hebg3.testcases.login.LoginPage_001_LoginSuccessFunction_Test@7bba5817]" name="endTest" is-config="true" duration-ms="1106" started-at="2018-07-29T10:30:05Z" finished-at="2018-07-29T10:30:06Z">
          <reporter-output>
          </reporter-output>
        </test-method> <!-- endTest -->
      </class> <!-- com.hebg3.testcases.login.LoginPage_001_LoginSuccessFunction_Test -->
    </test> <!-- Login -->
  </suite> <!-- Suite -->
</testng-results>
